Using pre-set license
Built from '2021.3/release' branch; Version is '2021.3.17f1 (3e8111cac19d) revision 4096273'; Using compiler version '192829333'; Build Type 'Release'
OS: 'Windows 10  (10.0.19045) 64bit CoreCountrySpecific' Language: 'zh' Physical Memory: 16114 MB
BatchMode: 1, IsHumanControllingUs: 0, StartBugReporterOnCrash: 0, Is64bit: 1, IsPro: 1

COMMAND LINE ARGUMENTS:
C:\Program Files\Unity 2021.3.17f1\Editor\Unity.exe
-adb2
-batchMode
-noUpm
-name
AssetImportWorker0
-projectPath
E:/unity/2D_Plateform_Learn
-logFile
Logs/AssetImportWorker0.log
-srvPort
50435
Successfully changed project path to: E:/unity/2D_Plateform_Learn
E:/unity/2D_Plateform_Learn
[UnityMemory] Configuration Parameters - Can be set up in boot.config
    "memorysetup-bucket-allocator-granularity=16"
    "memorysetup-bucket-allocator-bucket-count=8"
    "memorysetup-bucket-allocator-block-size=33554432"
    "memorysetup-bucket-allocator-block-count=8"
    "memorysetup-main-allocator-block-size=16777216"
    "memorysetup-thread-allocator-block-size=16777216"
    "memorysetup-gfx-main-allocator-block-size=16777216"
    "memorysetup-gfx-thread-allocator-block-size=16777216"
    "memorysetup-cache-allocator-block-size=4194304"
    "memorysetup-typetree-allocator-block-size=2097152"
    "memorysetup-profiler-bucket-allocator-granularity=16"
    "memorysetup-profiler-bucket-allocator-bucket-count=8"
    "memorysetup-profiler-bucket-allocator-block-size=33554432"
    "memorysetup-profiler-bucket-allocator-block-count=8"
    "memorysetup-profiler-allocator-block-size=16777216"
    "memorysetup-profiler-editor-allocator-block-size=1048576"
    "memorysetup-temp-allocator-size-main=16777216"
    "memorysetup-job-temp-allocator-block-size=2097152"
    "memorysetup-job-temp-allocator-block-size-background=1048576"
    "memorysetup-job-temp-allocator-reduction-small-platforms=262144"
    "memorysetup-temp-allocator-size-background-worker=32768"
    "memorysetup-temp-allocator-size-job-worker=262144"
    "memorysetup-temp-allocator-size-preload-manager=33554432"
    "memorysetup-temp-allocator-size-nav-mesh-worker=65536"
    "memorysetup-temp-allocator-size-audio-worker=65536"
    "memorysetup-temp-allocator-size-cloud-worker=32768"
    "memorysetup-temp-allocator-size-gi-baking-worker=262144"
    "memorysetup-temp-allocator-size-gfx=262144"
Player connection [17228] Host "[IP] 192.168.18.1 [Port] 0 [Flags] 2 [Guid] 1199078864 [EditorId] 1199078864 [Version] 1048832 [Id] WindowsEditor(7,DESKTOP-930IJ03) [Debug] 1 [PackageName] WindowsEditor [ProjectName] Editor" joined multi-casting on [225.0.0.222:54997]...

Player connection [17228] Host "[IP] 192.168.18.1 [Port] 0 [Flags] 2 [Guid] 1199078864 [EditorId] 1199078864 [Version] 1048832 [Id] WindowsEditor(7,DESKTOP-930IJ03) [Debug] 1 [PackageName] WindowsEditor [ProjectName] Editor" joined alternative multi-casting on [225.0.0.222:34997]...

Refreshing native plugins compatible for Editor in 151.19 ms, found 4 plugins.
Preloading 0 native plugins for Editor in 0.00 ms.
Initialize engine version: 2021.3.17f1 (3e8111cac19d)
[Subsystems] Discovering subsystems at path C:/Program Files/Unity 2021.3.17f1/Editor/Data/Resources/UnitySubsystems
[Subsystems] Discovering subsystems at path E:/unity/2D_Plateform_Learn/Assets
GfxDevice: creating device client; threaded=0; jobified=0
Direct3D:
    Version:  Direct3D 11.0 [level 11.1]
    Renderer: NVIDIA GeForce RTX 3050 Laptop GPU (ID=0x25a2)
    Vendor:   NVIDIA
    VRAM:     3977 MB
    Driver:   31.0.15.2879
Initialize mono
Mono path[0] = 'C:/Program Files/Unity 2021.3.17f1/Editor/Data/Managed'
Mono path[1] = 'C:/Program Files/Unity 2021.3.17f1/Editor/Data/MonoBleedingEdge/lib/mono/unityjit-win32'
Mono config path = 'C:/Program Files/Unity 2021.3.17f1/Editor/Data/MonoBleedingEdge/etc'
Using monoOptions --debugger-agent=transport=dt_socket,embedding=1,server=y,suspend=n,address=127.0.0.1:56224
Begin MonoManager ReloadAssembly
Registering precompiled unity dll's ...
Register platform support module: C:/Program Files/Unity 2021.3.17f1/Editor/Data/PlaybackEngines/WindowsStandaloneSupport/UnityEditor.WindowsStandalone.Extensions.dll
Register platform support module: C:/Program Files/Unity 2021.3.17f1/Editor/Data/PlaybackEngines/LinuxStandaloneSupport/UnityEditor.LinuxStandalone.Extensions.dll
Registered in 0.004628 seconds.
Native extension for LinuxStandalone target not found
Native extension for WindowsStandalone target not found
Refreshing native plugins compatible for Editor in 153.67 ms, found 4 plugins.
Preloading 0 native plugins for Editor in 0.00 ms.
Mono: successfully reloaded assembly
- Completed reload, in  0.834 seconds
Domain Reload Profiling:
	ReloadAssembly (835ms)
		BeginReloadAssembly (84ms)
			ExecutionOrderSort (0ms)
			DisableScriptedObjects (0ms)
			BackupInstance (0ms)
			ReleaseScriptingObjects (0ms)
			CreateAndSetChildDomain (1ms)
		EndReloadAssembly (628ms)
			LoadAssemblies (81ms)
			RebuildTransferFunctionScriptingTraits (0ms)
			SetupTypeCache (122ms)
			ReleaseScriptCaches (0ms)
			RebuildScriptCaches (41ms)
			SetupLoadedEditorAssemblies (404ms)
				LogAssemblyErrors (0ms)
				InitializePlatformSupportModulesInManaged (14ms)
				SetLoadedEditorAssemblies (0ms)
				RefreshPlugins (154ms)
				BeforeProcessingInitializeOnLoad (2ms)
				ProcessInitializeOnLoadAttributes (166ms)
				ProcessInitializeOnLoadMethodAttributes (68ms)
				AfterProcessingInitializeOnLoad (0ms)
				EditorAssembliesLoaded (0ms)
			ExecutionOrderSort2 (0ms)
			AwakeInstancesAfterBackupRestoration (0ms)
Platform modules already initialized, skipping
Registering precompiled user dll's ...
Registered in 0.006098 seconds.
Begin MonoManager ReloadAssembly
Symbol file LoadedFromMemory doesn't match image E:\unity\2D_Plateform_Learn\Library\PackageCache\com.unity.visualscripting@1.8.0\Editor\VisualScripting.Core\Dependencies\YamlDotNet\Unity.VisualScripting.YamlDotNet.dll
Symbol file LoadedFromMemory doesn't match image E:\unity\2D_Plateform_Learn\Library\PackageCache\com.unity.visualscripting@1.8.0\Editor\VisualScripting.Core\Dependencies\DotNetZip\Unity.VisualScripting.IonicZip.dll
Native extension for LinuxStandalone target not found
Native extension for WindowsStandalone target not found
Refreshing native plugins compatible for Editor in 170.10 ms, found 4 plugins.
Preloading 0 native plugins for Editor in 0.00 ms.
Mono: successfully reloaded assembly
- Completed reload, in  2.005 seconds
Domain Reload Profiling:
	ReloadAssembly (2006ms)
		BeginReloadAssembly (155ms)
			ExecutionOrderSort (0ms)
			DisableScriptedObjects (8ms)
			BackupInstance (0ms)
			ReleaseScriptingObjects (0ms)
			CreateAndSetChildDomain (30ms)
		EndReloadAssembly (1698ms)
			LoadAssemblies (118ms)
			RebuildTransferFunctionScriptingTraits (0ms)
			SetupTypeCache (405ms)
			ReleaseScriptCaches (1ms)
			RebuildScriptCaches (90ms)
			SetupLoadedEditorAssemblies (1031ms)
				LogAssemblyErrors (0ms)
				InitializePlatformSupportModulesInManaged (11ms)
				SetLoadedEditorAssemblies (0ms)
				RefreshPlugins (170ms)
				BeforeProcessingInitializeOnLoad (189ms)
				ProcessInitializeOnLoadAttributes (565ms)
				ProcessInitializeOnLoadMethodAttributes (86ms)
				AfterProcessingInitializeOnLoad (9ms)
				EditorAssembliesLoaded (0ms)
			ExecutionOrderSort2 (0ms)
			AwakeInstancesAfterBackupRestoration (9ms)
Platform modules already initialized, skipping
========================================================================
Worker process is ready to serve import requests
Launched and connected shader compiler UnityShaderCompiler.exe after 0.06 seconds
Refreshing native plugins compatible for Editor in 1.64 ms, found 4 plugins.
Preloading 0 native plugins for Editor in 0.00 ms.
Unloading 5577 Unused Serialized files (Serialized files now loaded: 0)
Unloading 58 unused Assets / (1.2 MB). Loaded Objects now: 6012.
Memory consumption went from 216.3 MB to 215.1 MB.
Total: 5.071900 ms (FindLiveObjects: 0.509300 ms CreateObjectMapping: 0.290600 ms MarkObjects: 3.520300 ms  DeleteObjects: 0.750300 ms)

AssetImportParameters requested are different than current active one (requested -> active):
  custom:video-decoder-ogg-theora: a1e56fd34408186e4bbccfd4996cb3dc -> 
  custom:container-muxer-webm: aa71ff27fc2769a1b78a27578f13a17b -> 
  custom:container-demuxer-webm: 4f35f7cbe854078d1ac9338744f61a02 -> 
  custom:video-encoder-webm-vp8: eb34c28f22e8b96e1ab97ce403110664 -> 
  custom:video-codec-MediaFoundation-h265: 746d11721c4dcdbdad8f713fa42b33f4 -> 
  custom:audio-encoder-webm-vorbis: bf7c407c2cedff20999df2af8eb42d56 -> 
  custom:framework-win-MediaFoundation: 216162199b28c13a410421893ffa2e32 -> 
  custom:container-demuxer-ogg: 62fdf1f143b41e24485cea50d1cbac27 -> 
  custom:video-decoder-webm-vp8: 9c59270c3fd7afecdb556c50c9e8de78 -> 
  custom:audio-decoder-ogg-vorbis: bf7c407c2cedff20999df2af8eb42d56 -> 
========================================================================
Received Import Request.
  Time since last request: 1568.081283 seconds.
  path: Assets/Textures/Level/Blue.png
  artifactKey: Guid(7b6e764a29a7199489033e7a48bf07a4) Importer(815301076,1909f56bfc062723c751e8b465ee728b)
Start importing Assets/Textures/Level/Blue.png using Guid(7b6e764a29a7199489033e7a48bf07a4) Importer(815301076,1909f56bfc062723c751e8b465ee728b)  -> (artifact id: 'a6725516aebf2caaf50c5e998378dd68') in 0.168468 seconds 
========================================================================
Received Import Request.
  Time since last request: 0.000033 seconds.
  path: Assets/Textures/Effect
  artifactKey: Guid(31d27a6042742744cb196af0b83c94a5) Importer(815301076,1909f56bfc062723c751e8b465ee728b)
Start importing Assets/Textures/Effect using Guid(31d27a6042742744cb196af0b83c94a5) Importer(815301076,1909f56bfc062723c751e8b465ee728b)  -> (artifact id: '2662fc2e7bd1c440548341c01e8d016d') in 0.051988 seconds 
========================================================================
Received Import Request.
  Time since last request: 0.000041 seconds.
  path: Assets/Textures/Level
  artifactKey: Guid(a4c4fa36c8b6c4e42a067eb2d6af7945) Importer(815301076,1909f56bfc062723c751e8b465ee728b)
Start importing Assets/Textures/Level using Guid(a4c4fa36c8b6c4e42a067eb2d6af7945) Importer(815301076,1909f56bfc062723c751e8b465ee728b)  -> (artifact id: 'd8f936b1a01736c122e81fd47310aa43') in 0.016105 seconds 
========================================================================
Received Import Request.
  Time since last request: 0.000028 seconds.
  path: Assets/Textures
  artifactKey: Guid(728fcdc7b2730f1409179e760fc95cde) Importer(815301076,1909f56bfc062723c751e8b465ee728b)
Start importing Assets/Textures using Guid(728fcdc7b2730f1409179e760fc95cde) Importer(815301076,1909f56bfc062723c751e8b465ee728b)  -> (artifact id: '7732e56c35ed09e9f94d30395af1c484') in 0.069066 seconds 
========================================================================
Received Import Request.
  Time since last request: 0.000056 seconds.
  path: Assets/Textures/Level/Green.png
  artifactKey: Guid(116fe8242e5304a478eb962c56cd9bb2) Importer(815301076,1909f56bfc062723c751e8b465ee728b)
Start importing Assets/Textures/Level/Green.png using Guid(116fe8242e5304a478eb962c56cd9bb2) Importer(815301076,1909f56bfc062723c751e8b465ee728b)  -> (artifact id: 'f28b02a4f903ad56c63f693add7b6c17') in 0.071230 seconds 
========================================================================
Received Import Request.
  Time since last request: 474.889709 seconds.
  path: Assets/Textures/Effect/dash_orb.png
  artifactKey: Guid(1b2970a114ab1614d99a18ce46d4f458) Importer(815301076,1909f56bfc062723c751e8b465ee728b)
Start importing Assets/Textures/Effect/dash_orb.png using Guid(1b2970a114ab1614d99a18ce46d4f458) Importer(815301076,1909f56bfc062723c751e8b465ee728b)  -> (artifact id: '5a91bfa15ef064beeab233f1f2a15e84') in 0.064218 seconds 
========================================================================
Received Import Request.
  Time since last request: 0.000030 seconds.
  path: Assets/Textures/Effect/dust_magic.png
  artifactKey: Guid(747d716dbea89fc48b954a506c47b164) Importer(815301076,1909f56bfc062723c751e8b465ee728b)
Start importing Assets/Textures/Effect/dust_magic.png using Guid(747d716dbea89fc48b954a506c47b164) Importer(815301076,1909f56bfc062723c751e8b465ee728b)  -> (artifact id: 'fb2bc4369496f2a047c3483e988ea49d') in 0.094621 seconds 
========================================================================
Received Import Request.
  Time since last request: 0.000036 seconds.
  path: Assets/Textures/Effect/dust_2x2_hardshadow.png
  artifactKey: Guid(c191bbcd4d376b54b9d57e6a123f8bcc) Importer(815301076,1909f56bfc062723c751e8b465ee728b)
Start importing Assets/Textures/Effect/dust_2x2_hardshadow.png using Guid(c191bbcd4d376b54b9d57e6a123f8bcc) Importer(815301076,1909f56bfc062723c751e8b465ee728b)  -> (artifact id: 'f6c5dbb7208864d9efe2638e3e894113') in 0.049757 seconds 
========================================================================
Received Import Request.
  Time since last request: 0.000030 seconds.
  path: Assets/Textures/Effect/dust_2x2_soft.png
  artifactKey: Guid(d91a7ceceb48b6d4eb7da66199435d99) Importer(815301076,1909f56bfc062723c751e8b465ee728b)
Start importing Assets/Textures/Effect/dust_2x2_soft.png using Guid(d91a7ceceb48b6d4eb7da66199435d99) Importer(815301076,1909f56bfc062723c751e8b465ee728b)  -> (artifact id: 'd43eb0db2562cbec4180f759287b1763') in 0.081576 seconds 
========================================================================
Received Import Request.
  Time since last request: 0.000037 seconds.
  path: Assets/Textures/Effect/dust_soft.png
  artifactKey: Guid(9cecc83887ca4cc45be4bf93b2f50c30) Importer(815301076,1909f56bfc062723c751e8b465ee728b)
Start importing Assets/Textures/Effect/dust_soft.png using Guid(9cecc83887ca4cc45be4bf93b2f50c30) Importer(815301076,1909f56bfc062723c751e8b465ee728b)  -> (artifact id: '28e0c1e78a10dfbc9ce53effe3ddb046') in 0.084014 seconds 
========================================================================
Received Import Request.
  Time since last request: 0.000027 seconds.
  path: Assets/Textures/Effect/dust_2x2_softshadow.png
  artifactKey: Guid(348fccf1c8952464e93c15ad28f973fd) Importer(815301076,1909f56bfc062723c751e8b465ee728b)
Start importing Assets/Textures/Effect/dust_2x2_softshadow.png using Guid(348fccf1c8952464e93c15ad28f973fd) Importer(815301076,1909f56bfc062723c751e8b465ee728b)  -> (artifact id: '3968aff756e747606c35d95bc7c8cb16') in 0.051241 seconds 
========================================================================
Received Import Request.
  Time since last request: 552.333435 seconds.
  path: Assets/Textures/Level/_Arts/Textures/Level/Blue.png
  artifactKey: Guid(51abfeb2b44d11041bc3589018d39edc) Importer(815301076,1909f56bfc062723c751e8b465ee728b)
Start importing Assets/Textures/Level/_Arts/Textures/Level/Blue.png using Guid(51abfeb2b44d11041bc3589018d39edc) Importer(815301076,1909f56bfc062723c751e8b465ee728b)  -> (artifact id: 'a4bdda259c264f4e5f765fd1c34eea97') in 0.152116 seconds 
========================================================================
Received Import Request.
  Time since last request: 0.000035 seconds.
  path: Assets/Textures/Level/_Arts/Textures/Level/Pink.png
  artifactKey: Guid(6fe163361e2d8e7458e1e28d6ab787dd) Importer(815301076,1909f56bfc062723c751e8b465ee728b)
Start importing Assets/Textures/Level/_Arts/Textures/Level/Pink.png using Guid(6fe163361e2d8e7458e1e28d6ab787dd) Importer(815301076,1909f56bfc062723c751e8b465ee728b)  -> (artifact id: 'bef2bb494887cb59da53b86c192cb9b3') in 0.062692 seconds 
========================================================================
Received Import Request.
  Time since last request: 0.000050 seconds.
  path: Assets/Textures/Level/_Arts/Textures/Level/Yellow.png
  artifactKey: Guid(475cb0f900a1ce241b001a50b976769f) Importer(815301076,1909f56bfc062723c751e8b465ee728b)
Start importing Assets/Textures/Level/_Arts/Textures/Level/Yellow.png using Guid(475cb0f900a1ce241b001a50b976769f) Importer(815301076,1909f56bfc062723c751e8b465ee728b)  -> (artifact id: '52aa28ba217ca0acb4436e33d1567042') in 0.038046 seconds 
========================================================================
Received Import Request.
  Time since last request: 0.000025 seconds.
  path: Assets/Textures/Level/_Arts/Textures/Level/White.png
  artifactKey: Guid(b42741b617816434ea5181f145b927e6) Importer(815301076,1909f56bfc062723c751e8b465ee728b)
Start importing Assets/Textures/Level/_Arts/Textures/Level/White.png using Guid(b42741b617816434ea5181f145b927e6) Importer(815301076,1909f56bfc062723c751e8b465ee728b)  -> (artifact id: 'a244b4bee140d1ddc75aa23781716748') in 0.039653 seconds 
========================================================================
Received Import Request.
  Time since last request: 0.693464 seconds.
  path: Assets/Textures/Level/_Arts/Textures/Player/Ex05.png
  artifactKey: Guid(6a4e1a47f0fc0644faaa0962446da16a) Importer(815301076,1909f56bfc062723c751e8b465ee728b)
Start importing Assets/Textures/Level/_Arts/Textures/Player/Ex05.png using Guid(6a4e1a47f0fc0644faaa0962446da16a) Importer(815301076,1909f56bfc062723c751e8b465ee728b)  -> (artifact id: 'f62e1880f4f91cf331ab9c1192eaead2') in 0.036057 seconds 
========================================================================
Received Import Request.
  Time since last request: 0.000032 seconds.
  path: Assets/Textures/Level/_Arts/Textures/Player/Hair02_R.png
  artifactKey: Guid(da62f26b5d0dd7e4f8b32379b21c2798) Importer(815301076,1909f56bfc062723c751e8b465ee728b)
Start importing Assets/Textures/Level/_Arts/Textures/Player/Hair02_R.png using Guid(da62f26b5d0dd7e4f8b32379b21c2798) Importer(815301076,1909f56bfc062723c751e8b465ee728b)  -> (artifact id: '0071c0fb5bf08899b3742da6d96dca8e') in 0.115893 seconds 
========================================================================
Received Import Request.
  Time since last request: 0.000055 seconds.
  path: Assets/Textures/Level/_Arts/Textures/Player/Hair01.png
  artifactKey: Guid(3197cef8442acb84087455640e238ba6) Importer(815301076,1909f56bfc062723c751e8b465ee728b)
Start importing Assets/Textures/Level/_Arts/Textures/Player/Hair01.png using Guid(3197cef8442acb84087455640e238ba6) Importer(815301076,1909f56bfc062723c751e8b465ee728b)  -> (artifact id: '819447d5fcb98242a480de96ce90cfd7') in 0.071421 seconds 
========================================================================
Received Import Request.
  Time since last request: 0.000036 seconds.
  path: Assets/Textures/Level/_Arts/Textures/Player/Hair01_R.png
  artifactKey: Guid(7aaf19300816108489e5fb5ef06f9cb0) Importer(815301076,1909f56bfc062723c751e8b465ee728b)
Start importing Assets/Textures/Level/_Arts/Textures/Player/Hair01_R.png using Guid(7aaf19300816108489e5fb5ef06f9cb0) Importer(815301076,1909f56bfc062723c751e8b465ee728b)  -> (artifact id: 'ce7fb42ed97a166c5361fbe308469db2') in 0.036321 seconds 
========================================================================
Received Import Request.
  Time since last request: 0.000045 seconds.
  path: Assets/Textures/Level/_Arts/Textures/Player/Player01.png
  artifactKey: Guid(cecdffe4b9afa354586953431f3b1cc4) Importer(815301076,1909f56bfc062723c751e8b465ee728b)
Start importing Assets/Textures/Level/_Arts/Textures/Player/Player01.png using Guid(cecdffe4b9afa354586953431f3b1cc4) Importer(815301076,1909f56bfc062723c751e8b465ee728b)  -> (artifact id: '13f94db394ba73cf69cdc5e504cbffbd') in 0.067037 seconds 
========================================================================
Received Import Request.
  Time since last request: 395.654492 seconds.
  path: Assets/Textures/Level/_Arts/Materials/Effects/TrailSpriteEffect.mat
  artifactKey: Guid(5617184bcdc96ed4f99b1349439eef9c) Importer(815301076,1909f56bfc062723c751e8b465ee728b)
Start importing Assets/Textures/Level/_Arts/Materials/Effects/TrailSpriteEffect.mat using Guid(5617184bcdc96ed4f99b1349439eef9c) Importer(815301076,1909f56bfc062723c751e8b465ee728b)  -> (artifact id: '209757c95bfdb77d9590f3fb6764ddb0') in 0.239336 seconds 
========================================================================
Received Import Request.
  Time since last request: 297.501868 seconds.
  path: Assets/_Prefabs/PlayerRenderer.prefab
  artifactKey: Guid(87694925c8571634894079a4219dd22b) Importer(815301076,1909f56bfc062723c751e8b465ee728b)
Start importing Assets/_Prefabs/PlayerRenderer.prefab using Guid(87694925c8571634894079a4219dd22b) Importer(815301076,1909f56bfc062723c751e8b465ee728b)  -> (artifact id: 'f4b22e2beabd4859aadf058f58efee98') in 0.344075 seconds 
========================================================================
Received Import Request.
  Time since last request: 0.000037 seconds.
  path: Assets/_Prefabs/TrailSprite.prefab
  artifactKey: Guid(442cc696cb66b31468920a273554189b) Importer(815301076,1909f56bfc062723c751e8b465ee728b)
Start importing Assets/_Prefabs/TrailSprite.prefab using Guid(442cc696cb66b31468920a273554189b) Importer(815301076,1909f56bfc062723c751e8b465ee728b)  -> (artifact id: 'ea18e96c8abe295e7aee474c64681b43') in 0.046181 seconds 
Editor requested this worker to shutdown with reason: Scaling down because of idle timeout
AssetImportWorker is now disconnected from the server
Process exiting
Exiting without the bug reporter. Application will terminate with return code 0